2025-06-09 13:00:40,774 - INFO - Starting batch download and indexing from 2015 to 2025
2025-06-09 13:00:40,774 - INFO - Processing year 2015
2025-06-09 13:00:40,774 - INFO - Downloading CSV from https://ted.europa.eu/es/release-calendar/-/download/file/CSV/2015
2025-06-09 13:00:40,942 - INFO - Found 253 available publications for year 2015
2025-06-09 13:00:40,942 - INFO - Downloading OJS 1 for 02/01/2015 from https://ted.europa.eu/packages/daily/201500001
2025-06-09 13:00:41,581 - INFO - Download successful: /home/ia/TenderSync/OpenSearch/downloads/201500001.tar.gz
2025-06-09 13:00:41,581 - INFO - Indexing package: /home/ia/TenderSync/OpenSearch/downloads/201500001.tar.gz
2025-06-09 13:00:59,565 - INFO - Successfully indexed package: /home/ia/TenderSync/OpenSearch/downloads/201500001.tar.gz
2025-06-09 13:01:01,566 - INFO - Downloading OJS 2 for 03/01/2015 from https://ted.europa.eu/packages/daily/201500002
2025-06-09 13:01:02,313 - INFO - Download successful: /home/ia/TenderSync/OpenSearch/downloads/201500002.tar.gz
2025-06-09 13:01:02,313 - INFO - Indexing package: /home/ia/TenderSync/OpenSearch/downloads/201500002.tar.gz
2025-06-09 13:01:14,734 - INFO - Successfully indexed package: /home/ia/TenderSync/OpenSearch/downloads/201500002.tar.gz
2025-06-09 13:01:16,735 - INFO - Downloading OJS 3 for 06/01/2015 from https://ted.europa.eu/packages/daily/201500003
2025-06-09 13:01:17,340 - INFO - Download successful: /home/ia/TenderSync/OpenSearch/downloads/201500003.tar.gz
2025-06-09 13:01:17,340 - INFO - Indexing package: /home/ia/TenderSync/OpenSearch/downloads/201500003.tar.gz
2025-06-09 13:01:22,316 - INFO - Successfully indexed package: /home/ia/TenderSync/OpenSearch/downloads/201500003.tar.gz
2025-06-09 13:01:24,318 - INFO - Downloading OJS 4 for 07/01/2015 from https://ted.europa.eu/packages/daily/201500004
2025-06-09 13:01:24,968 - INFO - Download successful: /home/ia/TenderSync/OpenSearch/downloads/201500004.tar.gz
2025-06-09 13:01:24,968 - INFO - Indexing package: /home/ia/TenderSync/OpenSearch/downloads/201500004.tar.gz
2025-06-09 13:01:33,311 - INFO - Successfully indexed package: /home/ia/TenderSync/OpenSearch/downloads/201500004.tar.gz
2025-06-09 13:01:35,312 - INFO - Downloading OJS 5 for 08/01/2015 from https://ted.europa.eu/packages/daily/201500005
2025-06-09 13:01:35,962 - INFO - Download successful: /home/ia/TenderSync/OpenSearch/downloads/201500005.tar.gz
2025-06-09 13:01:35,962 - INFO - Indexing package: /home/ia/TenderSync/OpenSearch/downloads/201500005.tar.gz
2025-06-09 13:01:44,279 - INFO - Successfully indexed package: /home/ia/TenderSync/OpenSearch/downloads/201500005.tar.gz
2025-06-09 13:01:46,281 - INFO - Downloading OJS 6 for 09/01/2015 from https://ted.europa.eu/packages/daily/201500006
2025-06-09 13:01:46,899 - INFO - Download successful: /home/ia/TenderSync/OpenSearch/downloads/201500006.tar.gz
2025-06-09 13:01:46,899 - INFO - Indexing package: /home/ia/TenderSync/OpenSearch/downloads/201500006.tar.gz
2025-06-09 13:01:53,847 - INFO - Successfully indexed package: /home/ia/TenderSync/OpenSearch/downloads/201500006.tar.gz
2025-06-09 13:01:55,848 - INFO - Downloading OJS 7 for 10/01/2015 from https://ted.europa.eu/packages/daily/201500007
2025-06-09 13:01:56,465 - INFO - Download successful: /home/ia/TenderSync/OpenSearch/downloads/201500007.tar.gz
2025-06-09 13:01:56,465 - INFO - Indexing package: /home/ia/TenderSync/OpenSearch/downloads/201500007.tar.gz
2025-06-09 13:02:03,124 - INFO - Successfully indexed package: /home/ia/TenderSync/OpenSearch/downloads/201500007.tar.gz
2025-06-09 13:02:05,126 - INFO - Downloading OJS 8 for 13/01/2015 from https://ted.europa.eu/packages/daily/201500008
2025-06-09 13:02:05,741 - INFO - Download successful: /home/ia/TenderSync/OpenSearch/downloads/201500008.tar.gz
2025-06-09 13:02:05,741 - INFO - Indexing package: /home/ia/TenderSync/OpenSearch/downloads/201500008.tar.gz
2025-06-09 13:02:14,655 - INFO - Successfully indexed package: /home/ia/TenderSync/OpenSearch/downloads/201500008.tar.gz
2025-06-09 13:02:16,657 - INFO - Downloading OJS 9 for 14/01/2015 from https://ted.europa.eu/packages/daily/201500009
2025-06-09 13:02:17,808 - INFO - Download successful: /home/ia/TenderSync/OpenSearch/downloads/201500009.tar.gz
2025-06-09 13:02:17,809 - INFO - Indexing package: /home/ia/TenderSync/OpenSearch/downloads/201500009.tar.gz
2025-06-09 13:02:24,270 - INFO - Successfully indexed package: /home/ia/TenderSync/OpenSearch/downloads/201500009.tar.gz
2025-06-09 13:02:26,272 - INFO - Downloading OJS 10 for 15/01/2015 from https://ted.europa.eu/packages/daily/201500010
2025-06-09 13:02:26,970 - INFO - Download successful: /home/ia/TenderSync/OpenSearch/downloads/201500010.tar.gz
2025-06-09 13:02:26,970 - INFO - Indexing package: /home/ia/TenderSync/OpenSearch/downloads/201500010.tar.gz
2025-06-09 13:02:33,573 - INFO - Successfully indexed package: /home/ia/TenderSync/OpenSearch/downloads/201500010.tar.gz
2025-06-09 13:02:35,574 - INFO - Downloading OJS 11 for 16/01/2015 from https://ted.europa.eu/packages/daily/201500011
2025-06-09 13:02:36,286 - INFO - Download successful: /home/ia/TenderSync/OpenSearch/downloads/201500011.tar.gz
2025-06-09 13:02:36,286 - INFO - Indexing package: /home/ia/TenderSync/OpenSearch/downloads/201500011.tar.gz
2025-06-09 13:02:45,261 - INFO - Successfully indexed package: /home/ia/TenderSync/OpenSearch/downloads/201500011.tar.gz
2025-06-09 13:02:47,263 - INFO - Downloading OJS 12 for 17/01/2015 from https://ted.europa.eu/packages/daily/201500012
2025-06-09 13:02:47,948 - INFO - Download successful: /home/ia/TenderSync/OpenSearch/downloads/201500012.tar.gz
2025-06-09 13:02:47,948 - INFO - Indexing package: /home/ia/TenderSync/OpenSearch/downloads/201500012.tar.gz
2025-06-09 13:02:58,674 - INFO - Successfully indexed package: /home/ia/TenderSync/OpenSearch/downloads/201500012.tar.gz
2025-06-09 13:03:00,675 - INFO - Downloading OJS 13 for 20/01/2015 from https://ted.europa.eu/packages/daily/201500013
2025-06-09 13:03:01,407 - INFO - Download successful: /home/ia/TenderSync/OpenSearch/downloads/201500013.tar.gz
2025-06-09 13:03:01,407 - INFO - Indexing package: /home/ia/TenderSync/OpenSearch/downloads/201500013.tar.gz
2025-06-09 13:03:09,894 - INFO - Successfully indexed package: /home/ia/TenderSync/OpenSearch/downloads/201500013.tar.gz
2025-06-09 13:03:11,895 - INFO - Downloading OJS 14 for 21/01/2015 from https://ted.europa.eu/packages/daily/201500014
2025-06-09 13:03:12,582 - INFO - Download successful: /home/ia/TenderSync/OpenSearch/downloads/201500014.tar.gz
2025-06-09 13:03:12,582 - INFO - Indexing package: /home/ia/TenderSync/OpenSearch/downloads/201500014.tar.gz
2025-06-09 13:03:17,691 - INFO - Successfully indexed package: /home/ia/TenderSync/OpenSearch/downloads/201500014.tar.gz
2025-06-09 13:03:19,692 - INFO - Downloading OJS 15 for 22/01/2015 from https://ted.europa.eu/packages/daily/201500015
2025-06-09 13:03:20,332 - INFO - Download successful: /home/ia/TenderSync/OpenSearch/downloads/201500015.tar.gz
2025-06-09 13:03:20,332 - INFO - Indexing package: /home/ia/TenderSync/OpenSearch/downloads/201500015.tar.gz
2025-06-09 13:03:26,256 - INFO - Successfully indexed package: /home/ia/TenderSync/OpenSearch/downloads/201500015.tar.gz
2025-06-09 13:03:28,258 - INFO - Downloading OJS 16 for 23/01/2015 from https://ted.europa.eu/packages/daily/201500016
2025-06-09 13:03:28,863 - INFO - Download successful: /home/ia/TenderSync/OpenSearch/downloads/201500016.tar.gz
2025-06-09 13:03:28,863 - INFO - Indexing package: /home/ia/TenderSync/OpenSearch/downloads/201500016.tar.gz
2025-06-09 13:03:34,332 - INFO - Successfully indexed package: /home/ia/TenderSync/OpenSearch/downloads/201500016.tar.gz
2025-06-09 13:03:36,333 - INFO - Downloading OJS 17 for 24/01/2015 from https://ted.europa.eu/packages/daily/201500017
2025-06-09 13:03:37,003 - INFO - Download successful: /home/ia/TenderSync/OpenSearch/downloads/201500017.tar.gz
2025-06-09 13:03:37,003 - INFO - Indexing package: /home/ia/TenderSync/OpenSearch/downloads/201500017.tar.gz
2025-06-09 13:03:43,763 - INFO - Successfully indexed package: /home/ia/TenderSync/OpenSearch/downloads/201500017.tar.gz
2025-06-09 13:03:45,764 - INFO - Downloading OJS 18 for 27/01/2015 from https://ted.europa.eu/packages/daily/201500018
2025-06-09 13:03:46,453 - INFO - Download successful: /home/ia/TenderSync/OpenSearch/downloads/201500018.tar.gz
2025-06-09 13:03:46,453 - INFO - Indexing package: /home/ia/TenderSync/OpenSearch/downloads/201500018.tar.gz
2025-06-09 13:03:51,743 - INFO - Successfully indexed package: /home/ia/TenderSync/OpenSearch/downloads/201500018.tar.gz
2025-06-09 13:03:53,745 - INFO - Downloading OJS 19 for 28/01/2015 from https://ted.europa.eu/packages/daily/201500019
2025-06-09 13:03:54,542 - INFO - Download successful: /home/ia/TenderSync/OpenSearch/downloads/201500019.tar.gz
2025-06-09 13:03:54,542 - INFO - Indexing package: /home/ia/TenderSync/OpenSearch/downloads/201500019.tar.gz
2025-06-09 13:04:00,391 - INFO - Successfully indexed package: /home/ia/TenderSync/OpenSearch/downloads/201500019.tar.gz
2025-06-09 13:04:02,392 - INFO - Downloading OJS 20 for 29/01/2015 from https://ted.europa.eu/packages/daily/201500020
2025-06-09 13:04:03,014 - INFO - Download successful: /home/ia/TenderSync/OpenSearch/downloads/201500020.tar.gz
2025-06-09 13:04:03,014 - INFO - Indexing package: /home/ia/TenderSync/OpenSearch/downloads/201500020.tar.gz
2025-06-09 13:04:07,401 - INFO - Successfully indexed package: /home/ia/TenderSync/OpenSearch/downloads/201500020.tar.gz
2025-06-09 13:04:09,403 - INFO - Downloading OJS 21 for 30/01/2015 from https://ted.europa.eu/packages/daily/201500021
2025-06-09 13:04:10,150 - INFO - Download successful: /home/ia/TenderSync/OpenSearch/downloads/201500021.tar.gz
2025-06-09 13:04:10,150 - INFO - Indexing package: /home/ia/TenderSync/OpenSearch/downloads/201500021.tar.gz
2025-06-09 13:04:15,067 - INFO - Successfully indexed package: /home/ia/TenderSync/OpenSearch/downloads/201500021.tar.gz
2025-06-09 13:04:17,069 - INFO - Downloading OJS 22 for 31/01/2015 from https://ted.europa.eu/packages/daily/201500022
2025-06-09 13:04:17,865 - INFO - Download successful: /home/ia/TenderSync/OpenSearch/downloads/201500022.tar.gz
2025-06-09 13:04:17,865 - INFO - Indexing package: /home/ia/TenderSync/OpenSearch/downloads/201500022.tar.gz
2025-06-09 13:04:24,425 - INFO - Successfully indexed package: /home/ia/TenderSync/OpenSearch/downloads/201500022.tar.gz
2025-06-09 13:04:26,427 - INFO - Downloading OJS 23 for 03/02/2015 from https://ted.europa.eu/packages/daily/201500023
2025-06-09 13:04:27,147 - INFO - Download successful: /home/ia/TenderSync/OpenSearch/downloads/201500023.tar.gz
2025-06-09 13:04:27,147 - INFO - Indexing package: /home/ia/TenderSync/OpenSearch/downloads/201500023.tar.gz
2025-06-09 13:04:32,570 - INFO - Successfully indexed package: /home/ia/TenderSync/OpenSearch/downloads/201500023.tar.gz
2025-06-09 13:04:34,572 - INFO - Downloading OJS 24 for 04/02/2015 from https://ted.europa.eu/packages/daily/201500024
2025-06-09 13:04:35,432 - INFO - Download successful: /home/ia/TenderSync/OpenSearch/downloads/201500024.tar.gz
2025-06-09 13:04:35,432 - INFO - Indexing package: /home/ia/TenderSync/OpenSearch/downloads/201500024.tar.gz
2025-06-09 13:04:41,947 - INFO - Successfully indexed package: /home/ia/TenderSync/OpenSearch/downloads/201500024.tar.gz
2025-06-09 13:04:43,948 - INFO - Downloading OJS 25 for 05/02/2015 from https://ted.europa.eu/packages/daily/201500025
2025-06-09 13:04:44,588 - INFO - Download successful: /home/ia/TenderSync/OpenSearch/downloads/201500025.tar.gz
2025-06-09 13:04:44,589 - INFO - Indexing package: /home/ia/TenderSync/OpenSearch/downloads/201500025.tar.gz
2025-06-09 13:04:48,938 - INFO - Successfully indexed package: /home/ia/TenderSync/OpenSearch/downloads/201500025.tar.gz
2025-06-09 13:04:50,940 - INFO - Downloading OJS 26 for 06/02/2015 from https://ted.europa.eu/packages/daily/201500026
2025-06-09 13:04:51,640 - INFO - Download successful: /home/ia/TenderSync/OpenSearch/downloads/201500026.tar.gz
2025-06-09 13:04:51,640 - INFO - Indexing package: /home/ia/TenderSync/OpenSearch/downloads/201500026.tar.gz
2025-06-09 13:04:57,595 - INFO - Successfully indexed package: /home/ia/TenderSync/OpenSearch/downloads/201500026.tar.gz
2025-06-09 13:04:59,597 - INFO - Downloading OJS 27 for 07/02/2015 from https://ted.europa.eu/packages/daily/201500027
2025-06-09 13:05:00,274 - INFO - Download successful: /home/ia/TenderSync/OpenSearch/downloads/201500027.tar.gz
2025-06-09 13:05:00,274 - INFO - Indexing package: /home/ia/TenderSync/OpenSearch/downloads/201500027.tar.gz
2025-06-09 13:05:07,036 - INFO - Successfully indexed package: /home/ia/TenderSync/OpenSearch/downloads/201500027.tar.gz
2025-06-09 13:05:09,038 - INFO - Downloading OJS 28 for 10/02/2015 from https://ted.europa.eu/packages/daily/201500028
2025-06-09 13:05:09,716 - INFO - Download successful: /home/ia/TenderSync/OpenSearch/downloads/201500028.tar.gz
2025-06-09 13:05:09,716 - INFO - Indexing package: /home/ia/TenderSync/OpenSearch/downloads/201500028.tar.gz
2025-06-09 13:05:15,526 - INFO - Successfully indexed package: /home/ia/TenderSync/OpenSearch/downloads/201500028.tar.gz
2025-06-09 13:05:17,528 - INFO - Downloading OJS 29 for 11/02/2015 from https://ted.europa.eu/packages/daily/201500029
2025-06-09 13:05:18,230 - INFO - Download successful: /home/ia/TenderSync/OpenSearch/downloads/201500029.tar.gz
2025-06-09 13:05:18,230 - INFO - Indexing package: /home/ia/TenderSync/OpenSearch/downloads/201500029.tar.gz
2025-06-09 13:05:23,817 - INFO - Successfully indexed package: /home/ia/TenderSync/OpenSearch/downloads/201500029.tar.gz
2025-06-09 13:05:25,819 - INFO - Downloading OJS 30 for 12/02/2015 from https://ted.europa.eu/packages/daily/201500030
2025-06-09 13:05:26,469 - INFO - Download successful: /home/ia/TenderSync/OpenSearch/downloads/201500030.tar.gz
2025-06-09 13:05:26,469 - INFO - Indexing package: /home/ia/TenderSync/OpenSearch/downloads/201500030.tar.gz
2025-06-09 13:05:30,627 - INFO - Successfully indexed package: /home/ia/TenderSync/OpenSearch/downloads/201500030.tar.gz
2025-06-09 13:05:32,629 - INFO - Downloading OJS 31 for 13/02/2015 from https://ted.europa.eu/packages/daily/201500031
2025-06-09 13:05:33,470 - INFO - Download successful: /home/ia/TenderSync/OpenSearch/downloads/201500031.tar.gz
2025-06-09 13:05:33,471 - INFO - Indexing package: /home/ia/TenderSync/OpenSearch/downloads/201500031.tar.gz
2025-06-09 13:05:38,902 - INFO - Successfully indexed package: /home/ia/TenderSync/OpenSearch/downloads/201500031.tar.gz
2025-06-09 13:05:40,904 - INFO - Downloading OJS 32 for 14/02/2015 from https://ted.europa.eu/packages/daily/201500032
2025-06-09 13:05:41,635 - INFO - Download successful: /home/ia/TenderSync/OpenSearch/downloads/201500032.tar.gz
2025-06-09 13:05:41,635 - INFO - Indexing package: /home/ia/TenderSync/OpenSearch/downloads/201500032.tar.gz
2025-06-09 13:05:47,910 - INFO - Successfully indexed package: /home/ia/TenderSync/OpenSearch/downloads/201500032.tar.gz
2025-06-09 13:05:49,912 - INFO - Downloading OJS 33 for 17/02/2015 from https://ted.europa.eu/packages/daily/201500033
2025-06-09 13:05:50,686 - INFO - Download successful: /home/ia/TenderSync/OpenSearch/downloads/201500033.tar.gz
2025-06-09 13:05:50,686 - INFO - Indexing package: /home/ia/TenderSync/OpenSearch/downloads/201500033.tar.gz
2025-06-09 13:05:56,574 - INFO - Successfully indexed package: /home/ia/TenderSync/OpenSearch/downloads/201500033.tar.gz
2025-06-09 13:05:58,576 - INFO - Downloading OJS 34 for 18/02/2015 from https://ted.europa.eu/packages/daily/201500034
2025-06-09 13:05:59,263 - INFO - Download successful: /home/ia/TenderSync/OpenSearch/downloads/201500034.tar.gz
2025-06-09 13:05:59,263 - INFO - Indexing package: /home/ia/TenderSync/OpenSearch/downloads/201500034.tar.gz
2025-06-09 13:06:04,883 - INFO - Successfully indexed package: /home/ia/TenderSync/OpenSearch/downloads/201500034.tar.gz
2025-06-09 13:06:06,885 - INFO - Downloading OJS 35 for 19/02/2015 from https://ted.europa.eu/packages/daily/201500035
2025-06-09 13:06:07,531 - INFO - Download successful: /home/ia/TenderSync/OpenSearch/downloads/201500035.tar.gz
2025-06-09 13:06:07,531 - INFO - Indexing package: /home/ia/TenderSync/OpenSearch/downloads/201500035.tar.gz
2025-06-09 13:06:11,468 - INFO - Successfully indexed package: /home/ia/TenderSync/OpenSearch/downloads/201500035.tar.gz
2025-06-09 13:06:13,470 - INFO - Downloading OJS 36 for 20/02/2015 from https://ted.europa.eu/packages/daily/201500036
2025-06-09 13:06:14,175 - INFO - Download successful: /home/ia/TenderSync/OpenSearch/downloads/201500036.tar.gz
2025-06-09 13:06:14,175 - INFO - Indexing package: /home/ia/TenderSync/OpenSearch/downloads/201500036.tar.gz
2025-06-09 13:06:19,584 - INFO - Successfully indexed package: /home/ia/TenderSync/OpenSearch/downloads/201500036.tar.gz
2025-06-09 13:10:00,133 - INFO - Starting batch download and indexing from 2015 to 2025
2025-06-09 13:10:00,133 - INFO - Processing year 2015
2025-06-09 13:10:00,133 - INFO - Downloading CSV from https://ted.europa.eu/es/release-calendar/-/download/file/CSV/2015
2025-06-09 13:10:00,265 - INFO - Found 253 available publications for year 2015
2025-06-09 13:10:00,265 - INFO - Downloading OJS 1 for 02/01/2015 from https://ted.europa.eu/packages/daily/201500001
2025-06-09 13:10:01,051 - INFO - Download successful: /home/ia/TenderSync/OpenSearch/downloads/201500001.tar.gz
2025-06-09 13:10:01,051 - INFO - Indexing package: /home/ia/TenderSync/OpenSearch/downloads/201500001.tar.gz
2025-06-09 13:10:21,126 - INFO - Successfully indexed package: /home/ia/TenderSync/OpenSearch/downloads/201500001.tar.gz
2025-06-09 13:10:23,127 - INFO - Downloading OJS 2 for 03/01/2015 from https://ted.europa.eu/packages/daily/201500002
2025-06-09 13:10:23,996 - INFO - Download successful: /home/ia/TenderSync/OpenSearch/downloads/201500002.tar.gz
2025-06-09 13:10:23,996 - INFO - Indexing package: /home/ia/TenderSync/OpenSearch/downloads/201500002.tar.gz
2025-06-09 13:10:37,354 - INFO - Successfully indexed package: /home/ia/TenderSync/OpenSearch/downloads/201500002.tar.gz
2025-06-09 13:10:39,355 - INFO - Downloading OJS 3 for 06/01/2015 from https://ted.europa.eu/packages/daily/201500003
2025-06-09 13:10:40,329 - INFO - Download successful: /home/ia/TenderSync/OpenSearch/downloads/201500003.tar.gz
2025-06-09 13:10:40,329 - INFO - Indexing package: /home/ia/TenderSync/OpenSearch/downloads/201500003.tar.gz
2025-06-09 13:10:45,525 - INFO - Successfully indexed package: /home/ia/TenderSync/OpenSearch/downloads/201500003.tar.gz
2025-06-09 13:10:47,526 - INFO - Downloading OJS 4 for 07/01/2015 from https://ted.europa.eu/packages/daily/201500004
2025-06-09 13:10:48,180 - INFO - Download successful: /home/ia/TenderSync/OpenSearch/downloads/201500004.tar.gz
2025-06-09 13:10:48,180 - INFO - Indexing package: /home/ia/TenderSync/OpenSearch/downloads/201500004.tar.gz
2025-06-09 13:10:55,578 - INFO - Successfully indexed package: /home/ia/TenderSync/OpenSearch/downloads/201500004.tar.gz
2025-06-09 13:10:57,579 - INFO - Downloading OJS 5 for 08/01/2015 from https://ted.europa.eu/packages/daily/201500005
2025-06-09 13:10:58,326 - INFO - Download successful: /home/ia/TenderSync/OpenSearch/downloads/201500005.tar.gz
2025-06-09 13:10:58,326 - INFO - Indexing package: /home/ia/TenderSync/OpenSearch/downloads/201500005.tar.gz
2025-06-09 13:11:05,446 - INFO - Successfully indexed package: /home/ia/TenderSync/OpenSearch/downloads/201500005.tar.gz
2025-06-09 13:11:07,448 - INFO - Downloading OJS 6 for 09/01/2015 from https://ted.europa.eu/packages/daily/201500006
2025-06-09 13:11:08,150 - INFO - Download successful: /home/ia/TenderSync/OpenSearch/downloads/201500006.tar.gz
2025-06-09 13:11:08,150 - INFO - Indexing package: /home/ia/TenderSync/OpenSearch/downloads/201500006.tar.gz
2025-06-09 13:11:14,923 - INFO - Successfully indexed package: /home/ia/TenderSync/OpenSearch/downloads/201500006.tar.gz
2025-06-09 13:11:16,924 - INFO - Downloading OJS 7 for 10/01/2015 from https://ted.europa.eu/packages/daily/201500007
2025-06-09 13:11:17,670 - INFO - Download successful: /home/ia/TenderSync/OpenSearch/downloads/201500007.tar.gz
2025-06-09 13:11:17,670 - INFO - Indexing package: /home/ia/TenderSync/OpenSearch/downloads/201500007.tar.gz
2025-06-09 13:11:23,271 - INFO - Successfully indexed package: /home/ia/TenderSync/OpenSearch/downloads/201500007.tar.gz
2025-06-09 13:11:25,272 - INFO - Downloading OJS 8 for 13/01/2015 from https://ted.europa.eu/packages/daily/201500008
2025-06-09 13:11:26,060 - INFO - Download successful: /home/ia/TenderSync/OpenSearch/downloads/201500008.tar.gz
2025-06-09 13:11:26,060 - INFO - Indexing package: /home/ia/TenderSync/OpenSearch/downloads/201500008.tar.gz
2025-06-09 13:11:35,004 - INFO - Successfully indexed package: /home/ia/TenderSync/OpenSearch/downloads/201500008.tar.gz
2025-06-09 13:11:37,005 - INFO - Downloading OJS 9 for 14/01/2015 from https://ted.europa.eu/packages/daily/201500009
2025-06-09 13:11:37,818 - INFO - Download successful: /home/ia/TenderSync/OpenSearch/downloads/201500009.tar.gz
2025-06-09 13:11:37,818 - INFO - Indexing package: /home/ia/TenderSync/OpenSearch/downloads/201500009.tar.gz
2025-06-09 13:11:44,038 - INFO - Successfully indexed package: /home/ia/TenderSync/OpenSearch/downloads/201500009.tar.gz
2025-06-09 13:11:46,040 - INFO - Downloading OJS 10 for 15/01/2015 from https://ted.europa.eu/packages/daily/201500010
2025-06-09 13:11:46,799 - INFO - Download successful: /home/ia/TenderSync/OpenSearch/downloads/201500010.tar.gz
2025-06-09 13:11:46,799 - INFO - Indexing package: /home/ia/TenderSync/OpenSearch/downloads/201500010.tar.gz
2025-06-09 13:11:53,151 - INFO - Successfully indexed package: /home/ia/TenderSync/OpenSearch/downloads/201500010.tar.gz
2025-06-09 13:11:55,153 - INFO - Downloading OJS 11 for 16/01/2015 from https://ted.europa.eu/packages/daily/201500011
2025-06-09 13:11:55,993 - INFO - Download successful: /home/ia/TenderSync/OpenSearch/downloads/201500011.tar.gz
2025-06-09 13:11:55,993 - INFO - Indexing package: /home/ia/TenderSync/OpenSearch/downloads/201500011.tar.gz
2025-06-09 13:12:03,976 - INFO - Successfully indexed package: /home/ia/TenderSync/OpenSearch/downloads/201500011.tar.gz
2025-06-09 13:12:05,977 - INFO - Downloading OJS 12 for 17/01/2015 from https://ted.europa.eu/packages/daily/201500012
2025-06-09 13:12:06,858 - INFO - Download successful: /home/ia/TenderSync/OpenSearch/downloads/201500012.tar.gz
2025-06-09 13:12:06,858 - INFO - Indexing package: /home/ia/TenderSync/OpenSearch/downloads/201500012.tar.gz
2025-06-09 13:12:16,628 - INFO - Successfully indexed package: /home/ia/TenderSync/OpenSearch/downloads/201500012.tar.gz
2025-06-09 13:12:18,629 - INFO - Downloading OJS 13 for 20/01/2015 from https://ted.europa.eu/packages/daily/201500013
2025-06-09 13:12:19,525 - INFO - Download successful: /home/ia/TenderSync/OpenSearch/downloads/201500013.tar.gz
2025-06-09 13:12:19,525 - INFO - Indexing package: /home/ia/TenderSync/OpenSearch/downloads/201500013.tar.gz
2025-06-09 13:12:29,372 - INFO - Successfully indexed package: /home/ia/TenderSync/OpenSearch/downloads/201500013.tar.gz
2025-06-09 13:12:31,374 - INFO - Downloading OJS 14 for 21/01/2015 from https://ted.europa.eu/packages/daily/201500014
2025-06-09 13:12:32,520 - INFO - Download successful: /home/ia/TenderSync/OpenSearch/downloads/201500014.tar.gz
2025-06-09 13:12:32,520 - INFO - Indexing package: /home/ia/TenderSync/OpenSearch/downloads/201500014.tar.gz
2025-06-09 13:12:38,490 - INFO - Successfully indexed package: /home/ia/TenderSync/OpenSearch/downloads/201500014.tar.gz
2025-06-09 13:12:40,492 - INFO - Downloading OJS 15 for 22/01/2015 from https://ted.europa.eu/packages/daily/201500015
2025-06-09 13:12:41,236 - INFO - Download successful: /home/ia/TenderSync/OpenSearch/downloads/201500015.tar.gz
2025-06-09 13:12:41,236 - INFO - Indexing package: /home/ia/TenderSync/OpenSearch/downloads/201500015.tar.gz
2025-06-09 13:12:47,445 - INFO - Successfully indexed package: /home/ia/TenderSync/OpenSearch/downloads/201500015.tar.gz
2025-06-09 13:12:49,447 - INFO - Downloading OJS 16 for 23/01/2015 from https://ted.europa.eu/packages/daily/201500016
2025-06-09 13:12:50,191 - INFO - Download successful: /home/ia/TenderSync/OpenSearch/downloads/201500016.tar.gz
2025-06-09 13:12:50,191 - INFO - Indexing package: /home/ia/TenderSync/OpenSearch/downloads/201500016.tar.gz
2025-06-09 13:12:55,716 - INFO - Successfully indexed package: /home/ia/TenderSync/OpenSearch/downloads/201500016.tar.gz
2025-06-09 13:12:57,717 - INFO - Downloading OJS 17 for 24/01/2015 from https://ted.europa.eu/packages/daily/201500017
2025-06-09 13:12:58,454 - INFO - Download successful: /home/ia/TenderSync/OpenSearch/downloads/201500017.tar.gz
2025-06-09 13:12:58,454 - INFO - Indexing package: /home/ia/TenderSync/OpenSearch/downloads/201500017.tar.gz
2025-06-09 13:13:07,992 - INFO - Successfully indexed package: /home/ia/TenderSync/OpenSearch/downloads/201500017.tar.gz
2025-06-09 13:13:09,993 - INFO - Downloading OJS 18 for 27/01/2015 from https://ted.europa.eu/packages/daily/201500018
2025-06-09 13:13:10,884 - INFO - Download successful: /home/ia/TenderSync/OpenSearch/downloads/201500018.tar.gz
2025-06-09 13:13:10,884 - INFO - Indexing package: /home/ia/TenderSync/OpenSearch/downloads/201500018.tar.gz
2025-06-09 13:13:16,136 - INFO - Successfully indexed package: /home/ia/TenderSync/OpenSearch/downloads/201500018.tar.gz
2025-06-09 13:13:18,137 - INFO - Downloading OJS 19 for 28/01/2015 from https://ted.europa.eu/packages/daily/201500019
2025-06-09 13:13:18,898 - INFO - Download successful: /home/ia/TenderSync/OpenSearch/downloads/201500019.tar.gz
2025-06-09 13:13:18,898 - INFO - Indexing package: /home/ia/TenderSync/OpenSearch/downloads/201500019.tar.gz
2025-06-09 13:13:25,142 - INFO - Successfully indexed package: /home/ia/TenderSync/OpenSearch/downloads/201500019.tar.gz
2025-06-09 13:13:27,144 - INFO - Downloading OJS 20 for 29/01/2015 from https://ted.europa.eu/packages/daily/201500020
2025-06-09 13:13:27,947 - INFO - Download successful: /home/ia/TenderSync/OpenSearch/downloads/201500020.tar.gz
2025-06-09 13:13:27,947 - INFO - Indexing package: /home/ia/TenderSync/OpenSearch/downloads/201500020.tar.gz
2025-06-09 13:13:33,214 - INFO - Successfully indexed package: /home/ia/TenderSync/OpenSearch/downloads/201500020.tar.gz
2025-06-09 13:13:35,216 - INFO - Downloading OJS 21 for 30/01/2015 from https://ted.europa.eu/packages/daily/201500021
2025-06-09 13:13:36,003 - INFO - Download successful: /home/ia/TenderSync/OpenSearch/downloads/201500021.tar.gz
2025-06-09 13:13:36,003 - INFO - Indexing package: /home/ia/TenderSync/OpenSearch/downloads/201500021.tar.gz
2025-06-09 13:13:40,813 - INFO - Successfully indexed package: /home/ia/TenderSync/OpenSearch/downloads/201500021.tar.gz
2025-06-09 13:13:42,814 - INFO - Downloading OJS 22 for 31/01/2015 from https://ted.europa.eu/packages/daily/201500022
2025-06-09 13:13:43,697 - INFO - Download successful: /home/ia/TenderSync/OpenSearch/downloads/201500022.tar.gz
2025-06-09 13:13:43,697 - INFO - Indexing package: /home/ia/TenderSync/OpenSearch/downloads/201500022.tar.gz
2025-06-09 13:13:50,530 - INFO - Successfully indexed package: /home/ia/TenderSync/OpenSearch/downloads/201500022.tar.gz
2025-06-09 13:13:52,532 - INFO - Downloading OJS 23 for 03/02/2015 from https://ted.europa.eu/packages/daily/201500023
2025-06-09 13:13:53,353 - INFO - Download successful: /home/ia/TenderSync/OpenSearch/downloads/201500023.tar.gz
2025-06-09 13:13:53,353 - INFO - Indexing package: /home/ia/TenderSync/OpenSearch/downloads/201500023.tar.gz
2025-06-09 13:13:59,182 - INFO - Successfully indexed package: /home/ia/TenderSync/OpenSearch/downloads/201500023.tar.gz
2025-06-09 13:14:01,184 - INFO - Downloading OJS 24 for 04/02/2015 from https://ted.europa.eu/packages/daily/201500024
2025-06-09 13:14:01,956 - INFO - Download successful: /home/ia/TenderSync/OpenSearch/downloads/201500024.tar.gz
2025-06-09 13:14:01,956 - INFO - Indexing package: /home/ia/TenderSync/OpenSearch/downloads/201500024.tar.gz
2025-06-09 13:14:10,520 - INFO - Successfully indexed package: /home/ia/TenderSync/OpenSearch/downloads/201500024.tar.gz
2025-06-09 13:14:12,522 - INFO - Downloading OJS 25 for 05/02/2015 from https://ted.europa.eu/packages/daily/201500025
2025-06-09 13:14:13,212 - INFO - Download successful: /home/ia/TenderSync/OpenSearch/downloads/201500025.tar.gz
2025-06-09 13:14:13,212 - INFO - Indexing package: /home/ia/TenderSync/OpenSearch/downloads/201500025.tar.gz
2025-06-09 13:14:16,824 - INFO - Successfully indexed package: /home/ia/TenderSync/OpenSearch/downloads/201500025.tar.gz
2025-06-09 13:14:18,825 - INFO - Downloading OJS 26 for 06/02/2015 from https://ted.europa.eu/packages/daily/201500026
2025-06-09 13:14:19,593 - INFO - Download successful: /home/ia/TenderSync/OpenSearch/downloads/201500026.tar.gz
2025-06-09 13:14:19,593 - INFO - Indexing package: /home/ia/TenderSync/OpenSearch/downloads/201500026.tar.gz
2025-06-09 13:14:25,926 - INFO - Successfully indexed package: /home/ia/TenderSync/OpenSearch/downloads/201500026.tar.gz
2025-06-09 13:14:27,927 - INFO - Downloading OJS 27 for 07/02/2015 from https://ted.europa.eu/packages/daily/201500027
2025-06-09 13:14:28,735 - INFO - Download successful: /home/ia/TenderSync/OpenSearch/downloads/201500027.tar.gz
2025-06-09 13:14:28,735 - INFO - Indexing package: /home/ia/TenderSync/OpenSearch/downloads/201500027.tar.gz
2025-06-09 13:14:37,337 - INFO - Successfully indexed package: /home/ia/TenderSync/OpenSearch/downloads/201500027.tar.gz
2025-06-09 13:14:39,339 - INFO - Downloading OJS 28 for 10/02/2015 from https://ted.europa.eu/packages/daily/201500028
2025-06-09 13:14:40,151 - INFO - Download successful: /home/ia/TenderSync/OpenSearch/downloads/201500028.tar.gz
2025-06-09 13:14:40,151 - INFO - Indexing package: /home/ia/TenderSync/OpenSearch/downloads/201500028.tar.gz
2025-06-09 13:14:47,342 - INFO - Successfully indexed package: /home/ia/TenderSync/OpenSearch/downloads/201500028.tar.gz
2025-06-09 13:14:49,343 - INFO - Downloading OJS 29 for 11/02/2015 from https://ted.europa.eu/packages/daily/201500029
2025-06-09 13:14:50,177 - INFO - Download successful: /home/ia/TenderSync/OpenSearch/downloads/201500029.tar.gz
2025-06-09 13:14:50,177 - INFO - Indexing package: /home/ia/TenderSync/OpenSearch/downloads/201500029.tar.gz
2025-06-09 13:14:55,905 - INFO - Successfully indexed package: /home/ia/TenderSync/OpenSearch/downloads/201500029.tar.gz
2025-06-09 13:14:57,908 - INFO - Downloading OJS 30 for 12/02/2015 from https://ted.europa.eu/packages/daily/201500030
2025-06-09 13:14:58,606 - INFO - Download successful: /home/ia/TenderSync/OpenSearch/downloads/201500030.tar.gz
2025-06-09 13:14:58,606 - INFO - Indexing package: /home/ia/TenderSync/OpenSearch/downloads/201500030.tar.gz
2025-06-09 13:15:03,005 - INFO - Successfully indexed package: /home/ia/TenderSync/OpenSearch/downloads/201500030.tar.gz
2025-06-09 13:15:05,006 - INFO - Downloading OJS 31 for 13/02/2015 from https://ted.europa.eu/packages/daily/201500031
2025-06-09 13:15:05,751 - INFO - Download successful: /home/ia/TenderSync/OpenSearch/downloads/201500031.tar.gz
2025-06-09 13:15:05,751 - INFO - Indexing package: /home/ia/TenderSync/OpenSearch/downloads/201500031.tar.gz
2025-06-09 13:15:11,165 - INFO - Successfully indexed package: /home/ia/TenderSync/OpenSearch/downloads/201500031.tar.gz
2025-06-09 13:15:13,166 - INFO - Downloading OJS 32 for 14/02/2015 from https://ted.europa.eu/packages/daily/201500032
2025-06-09 13:15:13,947 - INFO - Download successful: /home/ia/TenderSync/OpenSearch/downloads/201500032.tar.gz
2025-06-09 13:15:13,947 - INFO - Indexing package: /home/ia/TenderSync/OpenSearch/downloads/201500032.tar.gz
2025-06-09 13:15:20,511 - INFO - Successfully indexed package: /home/ia/TenderSync/OpenSearch/downloads/201500032.tar.gz
2025-06-09 13:15:22,512 - INFO - Downloading OJS 33 for 17/02/2015 from https://ted.europa.eu/packages/daily/201500033
2025-06-09 13:15:23,384 - INFO - Download successful: /home/ia/TenderSync/OpenSearch/downloads/201500033.tar.gz
2025-06-09 13:15:23,384 - INFO - Indexing package: /home/ia/TenderSync/OpenSearch/downloads/201500033.tar.gz
2025-06-09 13:15:29,241 - INFO - Successfully indexed package: /home/ia/TenderSync/OpenSearch/downloads/201500033.tar.gz
2025-06-09 13:15:31,243 - INFO - Downloading OJS 34 for 18/02/2015 from https://ted.europa.eu/packages/daily/201500034
2025-06-09 13:15:32,004 - INFO - Download successful: /home/ia/TenderSync/OpenSearch/downloads/201500034.tar.gz
2025-06-09 13:15:32,004 - INFO - Indexing package: /home/ia/TenderSync/OpenSearch/downloads/201500034.tar.gz
2025-06-09 13:15:37,542 - INFO - Successfully indexed package: /home/ia/TenderSync/OpenSearch/downloads/201500034.tar.gz
2025-06-09 13:15:39,544 - INFO - Downloading OJS 35 for 19/02/2015 from https://ted.europa.eu/packages/daily/201500035
2025-06-09 13:15:40,337 - INFO - Download successful: /home/ia/TenderSync/OpenSearch/downloads/201500035.tar.gz
2025-06-09 13:15:40,337 - INFO - Indexing package: /home/ia/TenderSync/OpenSearch/downloads/201500035.tar.gz
2025-06-09 13:15:44,355 - INFO - Successfully indexed package: /home/ia/TenderSync/OpenSearch/downloads/201500035.tar.gz
2025-06-09 13:15:46,357 - INFO - Downloading OJS 36 for 20/02/2015 from https://ted.europa.eu/packages/daily/201500036
2025-06-09 13:15:47,135 - INFO - Download successful: /home/ia/TenderSync/OpenSearch/downloads/201500036.tar.gz
2025-06-09 13:15:47,135 - INFO - Indexing package: /home/ia/TenderSync/OpenSearch/downloads/201500036.tar.gz
2025-06-09 13:15:52,636 - INFO - Successfully indexed package: /home/ia/TenderSync/OpenSearch/downloads/201500036.tar.gz
2025-06-09 13:15:54,637 - INFO - Downloading OJS 37 for 21/02/2015 from https://ted.europa.eu/packages/daily/201500037
2025-06-09 13:15:55,490 - INFO - Download successful: /home/ia/TenderSync/OpenSearch/downloads/201500037.tar.gz
2025-06-09 13:15:55,490 - INFO - Indexing package: /home/ia/TenderSync/OpenSearch/downloads/201500037.tar.gz
2025-06-09 13:16:02,900 - INFO - Successfully indexed package: /home/ia/TenderSync/OpenSearch/downloads/201500037.tar.gz
2025-06-09 13:16:04,901 - INFO - Downloading OJS 38 for 24/02/2015 from https://ted.europa.eu/packages/daily/201500038
2025-06-09 13:16:05,681 - INFO - Download successful: /home/ia/TenderSync/OpenSearch/downloads/201500038.tar.gz
2025-06-09 13:16:05,681 - INFO - Indexing package: /home/ia/TenderSync/OpenSearch/downloads/201500038.tar.gz
2025-06-09 13:16:10,570 - INFO - Successfully indexed package: /home/ia/TenderSync/OpenSearch/downloads/201500038.tar.gz
2025-06-09 13:16:12,572 - INFO - Downloading OJS 39 for 25/02/2015 from https://ted.europa.eu/packages/daily/201500039
2025-06-09 13:16:13,278 - INFO - Download successful: /home/ia/TenderSync/OpenSearch/downloads/201500039.tar.gz
2025-06-09 13:16:13,279 - INFO - Indexing package: /home/ia/TenderSync/OpenSearch/downloads/201500039.tar.gz
2025-06-09 13:16:20,846 - INFO - Successfully indexed package: /home/ia/TenderSync/OpenSearch/downloads/201500039.tar.gz
2025-06-09 13:16:22,847 - INFO - Downloading OJS 40 for 26/02/2015 from https://ted.europa.eu/packages/daily/201500040
2025-06-09 13:16:23,469 - INFO - Download successful: /home/ia/TenderSync/OpenSearch/downloads/201500040.tar.gz
2025-06-09 13:16:23,469 - INFO - Indexing package: /home/ia/TenderSync/OpenSearch/downloads/201500040.tar.gz
2025-06-09 13:16:27,787 - INFO - Successfully indexed package: /home/ia/TenderSync/OpenSearch/downloads/201500040.tar.gz
2025-06-09 13:16:29,788 - INFO - Downloading OJS 41 for 27/02/2015 from https://ted.europa.eu/packages/daily/201500041
2025-06-09 13:16:30,417 - INFO - Download successful: /home/ia/TenderSync/OpenSearch/downloads/201500041.tar.gz
2025-06-09 13:16:30,417 - INFO - Indexing package: /home/ia/TenderSync/OpenSearch/downloads/201500041.tar.gz
2025-06-09 13:16:35,972 - INFO - Successfully indexed package: /home/ia/TenderSync/OpenSearch/downloads/201500041.tar.gz
2025-06-09 13:16:37,973 - INFO - Downloading OJS 42 for 28/02/2015 from https://ted.europa.eu/packages/daily/201500042
2025-06-09 13:16:38,730 - INFO - Download successful: /home/ia/TenderSync/OpenSearch/downloads/201500042.tar.gz
2025-06-09 13:16:38,730 - INFO - Indexing package: /home/ia/TenderSync/OpenSearch/downloads/201500042.tar.gz
2025-06-09 13:16:48,017 - INFO - Successfully indexed package: /home/ia/TenderSync/OpenSearch/downloads/201500042.tar.gz
2025-06-09 13:16:50,018 - INFO - Downloading OJS 43 for 03/03/2015 from https://ted.europa.eu/packages/daily/201500043
2025-06-09 13:16:50,687 - INFO - Download successful: /home/ia/TenderSync/OpenSearch/downloads/201500043.tar.gz
2025-06-09 13:16:50,688 - INFO - Indexing package: /home/ia/TenderSync/OpenSearch/downloads/201500043.tar.gz
2025-06-09 13:16:57,266 - INFO - Successfully indexed package: /home/ia/TenderSync/OpenSearch/downloads/201500043.tar.gz
2025-06-09 13:16:59,267 - INFO - Downloading OJS 44 for 04/03/2015 from https://ted.europa.eu/packages/daily/201500044
2025-06-09 13:16:59,914 - INFO - Download successful: /home/ia/TenderSync/OpenSearch/downloads/201500044.tar.gz
2025-06-09 13:16:59,914 - INFO - Indexing package: /home/ia/TenderSync/OpenSearch/downloads/201500044.tar.gz
2025-06-09 13:17:05,968 - INFO - Successfully indexed package: /home/ia/TenderSync/OpenSearch/downloads/201500044.tar.gz
2025-06-09 13:17:07,970 - INFO - Downloading OJS 45 for 05/03/2015 from https://ted.europa.eu/packages/daily/201500045
2025-06-09 13:17:08,547 - INFO - Download successful: /home/ia/TenderSync/OpenSearch/downloads/201500045.tar.gz
2025-06-09 13:17:08,547 - INFO - Indexing package: /home/ia/TenderSync/OpenSearch/downloads/201500045.tar.gz
2025-06-09 13:17:11,298 - INFO - Successfully indexed package: /home/ia/TenderSync/OpenSearch/downloads/201500045.tar.gz
2025-06-09 13:17:13,300 - INFO - Downloading OJS 46 for 06/03/2015 from https://ted.europa.eu/packages/daily/201500046
2025-06-09 13:17:13,879 - INFO - Download successful: /home/ia/TenderSync/OpenSearch/downloads/201500046.tar.gz
2025-06-09 13:17:13,880 - INFO - Indexing package: /home/ia/TenderSync/OpenSearch/downloads/201500046.tar.gz
2025-06-09 13:17:18,932 - INFO - Successfully indexed package: /home/ia/TenderSync/OpenSearch/downloads/201500046.tar.gz
2025-06-09 13:17:20,933 - INFO - Downloading OJS 47 for 07/03/2015 from https://ted.europa.eu/packages/daily/201500047
2025-06-09 13:17:21,692 - INFO - Download successful: /home/ia/TenderSync/OpenSearch/downloads/201500047.tar.gz
2025-06-09 13:17:21,692 - INFO - Indexing package: /home/ia/TenderSync/OpenSearch/downloads/201500047.tar.gz
2025-06-09 13:17:30,567 - INFO - Successfully indexed package: /home/ia/TenderSync/OpenSearch/downloads/201500047.tar.gz
2025-06-09 13:17:32,568 - INFO - Downloading OJS 48 for 10/03/2015 from https://ted.europa.eu/packages/daily/201500048
2025-06-09 13:17:33,247 - INFO - Download successful: /home/ia/TenderSync/OpenSearch/downloads/201500048.tar.gz
2025-06-09 13:17:33,247 - INFO - Indexing package: /home/ia/TenderSync/OpenSearch/downloads/201500048.tar.gz
2025-06-09 13:17:38,808 - INFO - Successfully indexed package: /home/ia/TenderSync/OpenSearch/downloads/201500048.tar.gz
2025-06-09 13:17:40,809 - INFO - Downloading OJS 49 for 11/03/2015 from https://ted.europa.eu/packages/daily/201500049
2025-06-09 13:17:41,916 - INFO - Download successful: /home/ia/TenderSync/OpenSearch/downloads/201500049.tar.gz
2025-06-09 13:17:41,916 - INFO - Indexing package: /home/ia/TenderSync/OpenSearch/downloads/201500049.tar.gz
2025-06-09 13:17:47,448 - INFO - Successfully indexed package: /home/ia/TenderSync/OpenSearch/downloads/201500049.tar.gz
2025-06-09 13:17:49,450 - INFO - Downloading OJS 50 for 12/03/2015 from https://ted.europa.eu/packages/daily/201500050
2025-06-09 13:17:50,267 - INFO - Download successful: /home/ia/TenderSync/OpenSearch/downloads/201500050.tar.gz
2025-06-09 13:17:50,267 - INFO - Indexing package: /home/ia/TenderSync/OpenSearch/downloads/201500050.tar.gz
2025-06-09 13:17:55,000 - INFO - Successfully indexed package: /home/ia/TenderSync/OpenSearch/downloads/201500050.tar.gz
2025-06-09 13:17:57,002 - INFO - Downloading OJS 51 for 13/03/2015 from https://ted.europa.eu/packages/daily/201500051
2025-06-09 13:17:57,664 - INFO - Download successful: /home/ia/TenderSync/OpenSearch/downloads/201500051.tar.gz
2025-06-09 13:17:57,664 - INFO - Indexing package: /home/ia/TenderSync/OpenSearch/downloads/201500051.tar.gz
2025-06-09 13:18:03,992 - INFO - Successfully indexed package: /home/ia/TenderSync/OpenSearch/downloads/201500051.tar.gz
2025-06-09 13:18:05,994 - INFO - Downloading OJS 52 for 14/03/2015 from https://ted.europa.eu/packages/daily/201500052
2025-06-09 13:18:06,685 - INFO - Download successful: /home/ia/TenderSync/OpenSearch/downloads/201500052.tar.gz
2025-06-09 13:18:06,685 - INFO - Indexing package: /home/ia/TenderSync/OpenSearch/downloads/201500052.tar.gz
